2016-07-04 17:14:35,162 [1] INFO  Photon.LoadBalancing.MasterServer.MasterApplication - TokenCreator intialized with an expiration of 02:46:40
2016-07-04 17:14:35,312 [1] INFO  Photon.SocketServer.Diagnostics.HttpQueuePerformanceCounters - HTTP Queue performance counters successfully initialized
2016-07-04 17:14:35,312 [1] INFO  Photon.SocketServer.Diagnostics.HttpQueuePerformanceCounters - Internal HTTP Queue performance counters successfully created
2016-07-04 17:14:35,312 [1] INFO  Photon.Common.Authentication.Diagnostic.CustomAuthResultCounters - Start to initialize Photon: Custom Authentication Results performance counters
2016-07-04 17:14:35,312 [1] INFO  Photon.Common.Authentication.Diagnostic.CustomAuthResultCounters - Photon: Custom Authentication Results performance counters successfully initialized
2016-07-04 17:14:35,312 [1] WARN  Photon.Common.LoadBalancer.LoadBalancer`1 - Could not initialize LoadBalancer from configuration: Invalid configuration file D:\Downloads\photon\Photon-OnPremise-Server-Redistributable-SDK_v4-0-29-11263\deploy\LoadBalancer.config. Using default settings... (Could not find file 'D:\Downloads\photon\Photon-OnPremise-Server-Redistributable-SDK_v4-0-29-11263\deploy\LoadBalancer.config'.)
2016-07-04 17:14:35,432 [1] INFO  Photon.LoadBalancing.MasterServer.GameApplication - TokenCreator intialized with an expiration of 02:46:40
2016-07-04 17:14:35,441 [1] INFO  Photon.LoadBalancing.MasterServer.GameApplication - Plugin configured: name=WebHooksPlugin1.2
2016-07-04 17:14:35,441 [1] INFO  Photon.LoadBalancing.MasterServer.GameApplication - 	Attribute: BaseUrl=http://photon-photon-pluginsdk-v1.webscript.io
2016-07-04 17:14:35,441 [1] INFO  Photon.LoadBalancing.MasterServer.GameApplication - 	Attribute: IsPersistent=true
2016-07-04 17:14:35,441 [1] INFO  Photon.LoadBalancing.MasterServer.GameApplication - 	Attribute: HasErrorInfo=true
2016-07-04 17:14:35,441 [1] INFO  Photon.LoadBalancing.MasterServer.GameApplication - 	Attribute: PathClose=GameClose
2016-07-04 17:14:35,442 [1] INFO  Photon.LoadBalancing.MasterServer.GameApplication - 	Attribute: PathCreate=GameCreate
2016-07-04 17:14:35,442 [1] INFO  Photon.LoadBalancing.MasterServer.GameApplication - 	Attribute: PathEvent=GameEvent
2016-07-04 17:14:35,442 [1] INFO  Photon.LoadBalancing.MasterServer.GameApplication - 	Attribute: PathGameProperties=GameProperties
2016-07-04 17:14:35,442 [1] INFO  Photon.LoadBalancing.MasterServer.GameApplication - 	Attribute: PathJoin=GameJoin
2016-07-04 17:14:35,442 [1] INFO  Photon.LoadBalancing.MasterServer.GameApplication - 	Attribute: PathLeave=GameLeave
2016-07-04 17:14:35,442 [1] INFO  Photon.LoadBalancing.MasterServer.GameApplication - 	Attribute: PathLoad=GameCreate
2016-07-04 17:14:35,621 [1] INFO  Photon.LoadBalancing.MasterServer.GameApplication - Application {Default}/{Default} starts without Redis
2016-07-04 17:14:35,966 [1] INFO  Photon.LoadBalancing.Common.NodesReader - Import nodes
2016-07-04 17:14:35,967 [1] WARN  Photon.LoadBalancing.Common.NodesReader - D:\Downloads\photon\Photon-OnPremise-Server-Redistributable-SDK_v4-0-29-11263\deploy\Nodes.txt does not exist, CurrentNodeId = 0
2016-07-04 17:14:35,968 [1] INFO  Photon.LoadBalancing.Common.NodesReader - Watching D:\Downloads\photon\Photon-OnPremise-Server-Redistributable-SDK_v4-0-29-11263\deploy\Nodes.txt
2016-07-04 17:14:35,968 [1] INFO  Photon.LoadBalancing.MasterServer.MasterApplication - Current Node (nodeId=0) is the active master (leader)
2016-07-04 17:14:35,969 [1] INFO  Photon.SocketServer.ApplicationBase - Application start: AppId=Master; AppPath=D:\Downloads\photon\Photon-OnPremise-Server-Redistributable-SDK_v4-0-29-11263\deploy\LoadBalancing\Master, Type=Photon.LoadBalancing.MasterServer.MasterApplication 
2016-07-04 17:14:36,001 [1] INFO  Photon.SocketServer.Diagnostics.CounterPublisher - CounterPublisher started publishing ExitGames.Diagnostics.Monitoring.CounterSamplePublisher to ExitGames.Diagnostics.Monitoring.CounterSampleSender
2016-07-04 17:14:36,025 [13] INFO  Photon.LoadBalancing.MasterServer.GameServer.IncomingGameServerPeer - game server connection from 127.0.0.1:50341 established (id=2)
2016-07-04 17:14:36,140 [11] WARN  Photon.LoadBalancing.Common.NodesReader - Internal address for node 0 unknown; using loop back
2016-07-04 17:14:36,141 [11] INFO  Photon.LoadBalancing.Common.NodesReader - Node added: 0 = 127.0.0.1
