2016-07-04 17:14:31,110 [ 1] INFO  PhotonHostRuntime.PhotonDomainManager - Initialize: ApplicationName = 'DefaultDomain', DomainID = '1'
2016-07-04 17:14:31,118 [ 1] INFO  PhotonHostRuntime.PhotonDomainManager - AppDomains with unhandled exceptions are usually not unloaded and restarted.
2016-07-04 17:14:31,119 [ 1] INFO  PhotonHostRuntime.PhotonDomainManager - Getting license information:
2016-07-04 17:14:31,382 [ 1] INFO  PhotonHostRuntime.PhotonLicensing - LICENSE: Type:Redist; Plan:Free; Expiration: never; floating license: yes; max connections: 50; valid IPs: any; status:Licensed
2016-07-04 17:14:32,594 [ 1] INFO  PhotonHostRuntime.PhotonDomainManager - CreateAppDomain: name = 'Master' , assemblyName = 'Photon.LoadBalancing'
2016-07-04 17:14:32,595 [ 1] INFO  PhotonHostRuntime.PhotonDomainManager -   ApplicationBase = 'D:\Downloads\photon\Photon-OnPremise-Server-Redistributable-SDK_v4-0-29-11263\deploy'
2016-07-04 17:14:32,595 [ 1] INFO  PhotonHostRuntime.PhotonDomainManager -   PrivateBinPath = 'D:\Downloads\photon\Photon-OnPremise-Server-Redistributable-SDK_v4-0-29-11263\deploy\LoadBalancing\Master\bin;bin_Win32;Shared;'
2016-07-04 17:14:32,595 [ 1] INFO  PhotonHostRuntime.PhotonDomainManager -   ConfigurationFile = 'D:\Downloads\photon\Photon-OnPremise-Server-Redistributable-SDK_v4-0-29-11263\deploy\LoadBalancing\Master\bin\Photon.LoadBalancing.dll.config'
2016-07-04 17:14:32,595 [ 1] INFO  PhotonHostRuntime.PhotonDomainManager -   CachePath = 'D:\Downloads\photon\Photon-OnPremise-Server-Redistributable-SDK_v4-0-29-11263\deploy\LoadBalancing\Master\bin\Cache'
2016-07-04 17:14:32,882 [ 1] INFO  PhotonHostRuntime.PhotonDomainManager -   ApplicationPath = 'D:\Downloads\photon\Photon-OnPremise-Server-Redistributable-SDK_v4-0-29-11263\deploy\LoadBalancing\Master'
2016-07-04 17:14:32,882 [ 1] INFO  PhotonHostRuntime.PhotonDomainManager -   BinaryPath = 'D:\Downloads\photon\Photon-OnPremise-Server-Redistributable-SDK_v4-0-29-11263\deploy\LoadBalancing\Master\bin'
2016-07-04 17:14:32,882 [ 1] INFO  PhotonHostRuntime.PhotonDomainManager -   ApplicationRootPath = 'D:\Downloads\photon\Photon-OnPremise-Server-Redistributable-SDK_v4-0-29-11263\deploy'
2016-07-04 17:14:32,882 [ 1] INFO  PhotonHostRuntime.PhotonDomainManager -   UnmanagedLogPath = 'D:\Downloads\photon\Photon-OnPremise-Server-Redistributable-SDK_v4-0-29-11263\deploy\bin_Win32\log'
2016-07-04 17:14:32,983 [ 1] INFO  PhotonHostRuntime.PhotonDomainManager - AssemblyLoadEvent: Photon.LoadBalancing, Version=4.0.28.11221, Culture=neutral, PublicKeyToken=null from file:///D:/Downloads/photon/Photon-OnPremise-Server-Redistributable-SDK_v4-0-29-11263/deploy/LoadBalancing/Master/bin/Photon.LoadBalancing.DLL
2016-07-04 17:14:32,985 [ 1] INFO  PhotonHostRuntime.PhotonDomainManager - Photon SDK:4.0.28.11245
2016-07-04 17:14:33,091 [ 1] INFO  PhotonHostRuntime.PhotonDomainManager - AssemblyLoadEvent: Photon.SocketServer, Version=4.0.28.11245, Culture=neutral, PublicKeyToken=48c2fa3b6988090e from file:///D:/Downloads/photon/Photon-OnPremise-Server-Redistributable-SDK_v4-0-29-11263/deploy/LoadBalancing/Master/bin/Photon.SocketServer.DLL
2016-07-04 17:14:33,223 [ 1] INFO  PhotonHostRuntime.PhotonDomainManager - AssemblyLoadEvent: ExitGamesLibs, Version=1.0.4.0, Culture=neutral, PublicKeyToken=eac0edd9746a4aa0 from file:///D:/Downloads/photon/Photon-OnPremise-Server-Redistributable-SDK_v4-0-29-11263/deploy/LoadBalancing/Master/bin/ExitGamesLibs.DLL
2016-07-04 17:14:33,262 [ 1] INFO  PhotonHostRuntime.PhotonDomainManager - Starting: name = 'Master', assemblyName = 'Photon.LoadBalancing', typeName = 'Photon.LoadBalancing.MasterServer.MasterApplication'
2016-07-04 17:14:33,262 [ 1] INFO  PhotonHostRuntime.PhotonDomainManager - CreateAppDomain: name = 'Game' , assemblyName = 'Photon.LoadBalancing'
2016-07-04 17:14:33,262 [ 1] INFO  PhotonHostRuntime.PhotonDomainManager -   ApplicationBase = 'D:\Downloads\photon\Photon-OnPremise-Server-Redistributable-SDK_v4-0-29-11263\deploy'
2016-07-04 17:14:33,262 [ 1] INFO  PhotonHostRuntime.PhotonDomainManager -   PrivateBinPath = 'D:\Downloads\photon\Photon-OnPremise-Server-Redistributable-SDK_v4-0-29-11263\deploy\LoadBalancing\GameServer\bin;bin_Win32;Shared;'
2016-07-04 17:14:33,262 [ 1] INFO  PhotonHostRuntime.PhotonDomainManager -   ConfigurationFile = 'D:\Downloads\photon\Photon-OnPremise-Server-Redistributable-SDK_v4-0-29-11263\deploy\LoadBalancing\GameServer\bin\Photon.LoadBalancing.dll.config'
2016-07-04 17:14:33,262 [ 1] INFO  PhotonHostRuntime.PhotonDomainManager -   CachePath = 'D:\Downloads\photon\Photon-OnPremise-Server-Redistributable-SDK_v4-0-29-11263\deploy\LoadBalancing\GameServer\bin\Cache'
2016-07-04 17:14:33,567 [ 1] INFO  PhotonHostRuntime.PhotonDomainManager -   ApplicationPath = 'D:\Downloads\photon\Photon-OnPremise-Server-Redistributable-SDK_v4-0-29-11263\deploy\LoadBalancing\GameServer'
2016-07-04 17:14:33,567 [ 1] INFO  PhotonHostRuntime.PhotonDomainManager -   BinaryPath = 'D:\Downloads\photon\Photon-OnPremise-Server-Redistributable-SDK_v4-0-29-11263\deploy\LoadBalancing\GameServer\bin'
2016-07-04 17:14:33,568 [ 1] INFO  PhotonHostRuntime.PhotonDomainManager -   ApplicationRootPath = 'D:\Downloads\photon\Photon-OnPremise-Server-Redistributable-SDK_v4-0-29-11263\deploy'
2016-07-04 17:14:33,568 [ 1] INFO  PhotonHostRuntime.PhotonDomainManager -   UnmanagedLogPath = 'D:\Downloads\photon\Photon-OnPremise-Server-Redistributable-SDK_v4-0-29-11263\deploy\bin_Win32\log'
2016-07-04 17:14:33,641 [ 1] INFO  PhotonHostRuntime.PhotonDomainManager - AssemblyLoadEvent: Photon.LoadBalancing, Version=4.0.28.11221, Culture=neutral, PublicKeyToken=null from file:///D:/Downloads/photon/Photon-OnPremise-Server-Redistributable-SDK_v4-0-29-11263/deploy/LoadBalancing/GameServer/bin/Photon.LoadBalancing.DLL
2016-07-04 17:14:33,658 [ 1] INFO  PhotonHostRuntime.PhotonDomainManager - Photon SDK:4.0.28.11245
2016-07-04 17:14:33,757 [ 1] INFO  PhotonHostRuntime.PhotonDomainManager - AssemblyLoadEvent: Photon.SocketServer, Version=4.0.28.11245, Culture=neutral, PublicKeyToken=48c2fa3b6988090e from file:///D:/Downloads/photon/Photon-OnPremise-Server-Redistributable-SDK_v4-0-29-11263/deploy/LoadBalancing/GameServer/bin/Photon.SocketServer.DLL
2016-07-04 17:14:33,851 [ 1] INFO  PhotonHostRuntime.PhotonDomainManager - AssemblyLoadEvent: Photon.Common, Version=4.0.28.11221, Culture=neutral, PublicKeyToken=null from file:///D:/Downloads/photon/Photon-OnPremise-Server-Redistributable-SDK_v4-0-29-11263/deploy/LoadBalancing/GameServer/bin/Photon.Common.DLL
2016-07-04 17:14:33,943 [ 1] INFO  PhotonHostRuntime.PhotonDomainManager - AssemblyLoadEvent: ExitGamesLibs, Version=1.0.4.0, Culture=neutral, PublicKeyToken=eac0edd9746a4aa0 from file:///D:/Downloads/photon/Photon-OnPremise-Server-Redistributable-SDK_v4-0-29-11263/deploy/LoadBalancing/GameServer/bin/ExitGamesLibs.DLL
2016-07-04 17:14:34,047 [ 1] INFO  PhotonHostRuntime.PhotonDomainManager - AssemblyLoadEvent: PhotonHive, Version=4.0.28.11221, Culture=neutral, PublicKeyToken=null from file:///D:/Downloads/photon/Photon-OnPremise-Server-Redistributable-SDK_v4-0-29-11263/deploy/LoadBalancing/GameServer/bin/PhotonHive.DLL
2016-07-04 17:14:34,110 [ 1] INFO  PhotonHostRuntime.PhotonDomainManager - Starting: name = 'Game', assemblyName = 'Photon.LoadBalancing', typeName = 'Photon.LoadBalancing.GameServer.GameApplication'
2016-07-04 17:14:34,159 [ 1] INFO  PhotonHostRuntime.PhotonDomainManager - PhotonRunning: ApplicationName = 'Game', DomainId='3' -- calling Application.Setup
2016-07-04 17:14:34,246 [ 1] INFO  PhotonHostRuntime.PhotonDomainManager - AssemblyLoadEvent: ExitGames.Logging.Log4Net, Version=1.0.4.0, Culture=neutral, PublicKeyToken=eac0edd9746a4aa0 from file:///D:/Downloads/photon/Photon-OnPremise-Server-Redistributable-SDK_v4-0-29-11263/deploy/LoadBalancing/GameServer/bin/ExitGames.Logging.Log4Net.DLL
2016-07-04 17:14:34,401 [ 1] INFO  PhotonHostRuntime.PhotonDomainManager - AssemblyLoadEvent: PhotonHivePlugin, Version=1.0.15.11060, Culture=neutral, PublicKeyToken=null from file:///D:/Downloads/photon/Photon-OnPremise-Server-Redistributable-SDK_v4-0-29-11263/deploy/LoadBalancing/GameServer/bin/PhotonHivePlugin.DLL
2016-07-04 17:14:34,928 [ 1] INFO  PhotonHostRuntime.PhotonDomainManager - PhotonRunning: ApplicationName = 'Master', DomainId='2' -- calling Application.Setup
2016-07-04 17:14:34,971 [ 1] INFO  PhotonHostRuntime.PhotonDomainManager - AssemblyLoadEvent: Photon.Common, Version=4.0.28.11221, Culture=neutral, PublicKeyToken=null from file:///D:/Downloads/photon/Photon-OnPremise-Server-Redistributable-SDK_v4-0-29-11263/deploy/LoadBalancing/Master/bin/Photon.Common.DLL
2016-07-04 17:14:35,081 [ 1] INFO  PhotonHostRuntime.PhotonDomainManager - AssemblyLoadEvent: ExitGames.Logging.Log4Net, Version=1.0.4.0, Culture=neutral, PublicKeyToken=eac0edd9746a4aa0 from file:///D:/Downloads/photon/Photon-OnPremise-Server-Redistributable-SDK_v4-0-29-11263/deploy/LoadBalancing/Master/bin/ExitGames.Logging.Log4Net.DLL
2016-07-04 17:14:35,396 [ 1] INFO  PhotonHostRuntime.PhotonDomainManager - AssemblyLoadEvent: PhotonHive, Version=4.0.28.11221, Culture=neutral, PublicKeyToken=null from file:///D:/Downloads/photon/Photon-OnPremise-Server-Redistributable-SDK_v4-0-29-11263/deploy/LoadBalancing/Master/bin/PhotonHive.DLL
2016-07-04 17:14:35,510 [ 1] INFO  PhotonHostRuntime.PhotonDomainManager - AssemblyLoadEvent: ServiceStack.Redis, Version=3.9.71.0, Culture=neutral, PublicKeyToken=null from file:///D:/Downloads/photon/Photon-OnPremise-Server-Redistributable-SDK_v4-0-29-11263/deploy/LoadBalancing/Master/bin/ServiceStack.Redis.DLL
2016-07-04 17:14:35,602 [ 1] INFO  PhotonHostRuntime.PhotonDomainManager - AssemblyLoadEvent: ServiceStack.Interfaces, Version=1.0.0.0, Culture=neutral, PublicKeyToken=null from file:///D:/Downloads/photon/Photon-OnPremise-Server-Redistributable-SDK_v4-0-29-11263/deploy/LoadBalancing/Master/bin/ServiceStack.Interfaces.DLL
2016-07-04 17:14:35,641 [ 1] INFO  PhotonHostRuntime.PhotonDomainManager - AssemblyLoadEvent: System.Web, Version=4.0.0.0, Culture=neutral, PublicKeyToken=b03f5f7f11d50a3a from file:///C:/WINDOWS/Microsoft.Net/assembly/GAC_32/System.Web/v4.0_4.0.0.0__b03f5f7f11d50a3a/System.Web.dll
2016-07-04 17:14:36,001 [ 1] INFO  PhotonHostRuntime.PhotonDomainManager - PhotonRunning: ApplicationName = 'DefaultDomain', DomainId='1'
2016-07-04 17:14:36,104 [13] INFO  PhotonHostRuntime.PhotonDomainManager - AssemblyLoadEvent: PhotonHivePlugin, Version=1.0.15.11060, Culture=neutral, PublicKeyToken=null from file:///D:/Downloads/photon/Photon-OnPremise-Server-Redistributable-SDK_v4-0-29-11263/deploy/LoadBalancing/Master/bin/PhotonHivePlugin.DLL
